TN:
SF:src/app.module.ts
FNF:0
FNH:0
DA:1,1
DA:3,1
DA:4,1
DA:5,1
DA:6,1
DA:8,1
DA:9,1
DA:10,1
DA:11,1
DA:12,1
DA:49,1
LF:11
LH:11
BRDA:22,0,0,0
BRDA:22,0,1,1
BRF:2
BRH:1
end_of_record
TN:
SF:src/auth/auth.controller.ts
FN:27,(anonymous_4)
FN:30,(anonymous_5)
FN:35,(anonymous_6)
FN:41,(anonymous_7)
FN:47,(anonymous_8)
FN:70,(anonymous_9)
FN:79,(anonymous_10)
FNF:7
FNH:1
FNDA:1,(anonymous_4)
FNDA:0,(anonymous_5)
FNDA:0,(anonymous_6)
FNDA:0,(anonymous_7)
FNDA:0,(anonymous_8)
FNDA:0,(anonymous_9)
FNDA:0,(anonymous_10)
DA:1,1
DA:10,1
DA:11,1
DA:15,1
DA:16,1
DA:17,1
DA:19,1
DA:20,1
DA:21,1
DA:22,1
DA:26,1
DA:27,1
DA:30,1
DA:31,0
DA:35,1
DA:36,0
DA:41,1
DA:42,0
DA:47,1
DA:55,0
DA:70,1
DA:71,0
DA:79,1
DA:80,0
LF:24
LH:18
BRF:0
BRH:0
end_of_record
TN:
SF:src/auth/auth.module.ts
FN:25,(anonymous_1)
FNF:1
FNH:1
FNDA:1,(anonymous_1)
DA:1,1
DA:2,1
DA:3,1
DA:4,1
DA:5,1
DA:7,1
DA:8,1
DA:9,1
DA:10,1
DA:28,1
DA:45,1
LF:11
LH:11
BRF:0
BRH:0
end_of_record
TN:
SF:src/auth/auth.service.ts
FN:19,(anonymous_4)
FN:26,(anonymous_5)
FN:47,(anonymous_6)
FN:76,(anonymous_7)
FN:83,(anonymous_8)
FN:88,(anonymous_9)
FNF:6
FNH:1
FNDA:1,(anonymous_4)
FNDA:0,(anonymous_5)
FNDA:0,(anonymous_6)
FNDA:0,(anonymous_7)
FNDA:0,(anonymous_8)
FNDA:0,(anonymous_9)
DA:1,1
DA:7,1
DA:8,1
DA:9,1
DA:11,1
DA:14,1
DA:18,1
DA:21,1
DA:23,1
DA:27,0
DA:28,0
DA:30,0
DA:35,0
DA:36,0
DA:38,0
DA:43,0
DA:48,0
DA:50,0
DA:62,0
DA:63,0
DA:65,0
DA:66,0
DA:68,0
DA:70,0
DA:77,0
DA:84,0
DA:85,0
DA:89,0
DA:91,0
DA:93,0
LF:30
LH:9
BRDA:62,0,0,0
BRDA:65,1,0,0
BRDA:89,2,0,0
BRF:3
BRH:0
end_of_record
TN:
SF:src/auth/decorators/auth.decorator.ts
FN:7,Auth
FNF:1
FNH:1
FNDA:5,Auth
DA:1,1
DA:2,1
DA:3,1
DA:5,1
DA:7,1
DA:8,5
LF:6
LH:6
BRF:0
BRH:0
end_of_record
TN:
SF:src/auth/decorators/get-user.decorator.ts
FN:7,(anonymous_0)
FNF:1
FNH:0
FNDA:0,(anonymous_0)
DA:1,1
DA:7,1
DA:8,0
DA:9,0
DA:11,0
DA:13,0
DA:16,1
LF:7
LH:3
BRDA:11,0,0,0
BRDA:13,1,0,0
BRDA:13,1,1,0
BRF:3
BRH:0
end_of_record
TN:
SF:src/auth/decorators/index.ts
FN:1,(anonymous_0)
FN:2,(anonymous_1)
FN:4,(anonymous_2)
FN:5,(anonymous_3)
FNF:4
FNH:3
FNDA:5,(anonymous_0)
FNDA:0,(anonymous_1)
FNDA:7,(anonymous_2)
FNDA:1,(anonymous_3)
DA:1,6
DA:2,1
DA:4,8
DA:5,2
LF:4
LH:4
BRF:0
BRH:0
end_of_record
TN:
SF:src/auth/decorators/raw-headers.decorator.ts
FN:3,(anonymous_0)
FNF:1
FNH:0
FNDA:0,(anonymous_0)
DA:1,1
DA:3,1
DA:4,0
DA:5,0
DA:7,1
LF:5
LH:3
BRF:0
BRH:0
end_of_record
TN:
SF:src/auth/decorators/role-protected.decorator.ts
FN:6,(anonymous_0)
FNF:1
FNH:1
FNDA:6,(anonymous_0)
DA:1,1
DA:4,1
DA:6,1
DA:7,6
LF:4
LH:4
BRF:0
BRH:0
end_of_record
TN:
SF:src/auth/dto/create-user.dto.ts
FNF:0
FNH:0
DA:1,1
DA:9,1
DA:12,1
DA:21,1
DA:25,1
LF:5
LH:5
BRF:0
BRH:0
end_of_record
TN:
SF:src/auth/dto/index.ts
FN:1,(anonymous_0)
FN:2,(anonymous_1)
FNF:2
FNH:2
FNDA:1,(anonymous_0)
FNDA:1,(anonymous_1)
DA:1,2
DA:2,2
LF:2
LH:2
BRF:0
BRH:0
end_of_record
TN:
SF:src/auth/dto/login-user.dto.ts
FNF:0
FNH:0
DA:1,1
DA:9,1
DA:12,1
DA:21,1
LF:4
LH:4
BRF:0
BRH:0
end_of_record
TN:
SF:src/auth/entities/user.entity.ts
FN:44,(anonymous_2)
FN:49,(anonymous_3)
FN:40,(anonymous_4)
FN:40,(anonymous_5)
FNF:4
FNH:2
FNDA:0,(anonymous_2)
FNDA:0,(anonymous_3)
FNDA:1,(anonymous_4)
FNDA:1,(anonymous_5)
DA:1,1
DA:9,1
DA:12,1
DA:14,1
DA:19,1
DA:24,1
DA:27,1
DA:32,1
DA:38,1
DA:40,1
DA:41,1
DA:44,1
DA:45,0
DA:49,1
DA:50,0
LF:15
LH:13
BRF:0
BRH:0
end_of_record
TN:
SF:src/auth/guards/user-role.guard.ts
FN:15,(anonymous_2)
FN:17,(anonymous_3)
FNF:2
FNH:1
FNDA:2,(anonymous_2)
FNDA:0,(anonymous_3)
DA:1,1
DA:8,1
DA:10,1
DA:14,1
DA:15,2
DA:20,0
DA:25,0
DA:26,0
DA:28,0
DA:29,0
DA:31,0
DA:33,0
DA:34,0
DA:35,0
DA:39,0
LF:15
LH:5
BRDA:25,0,0,0
BRDA:26,1,0,0
BRDA:31,2,0,0
BRDA:34,3,0,0
BRF:4
BRH:0
end_of_record
TN:
SF:src/auth/interfaces/index.ts
FN:2,(anonymous_0)
FNF:1
FNH:1
FNDA:5,(anonymous_0)
DA:2,6
LF:1
LH:1
BRF:0
BRH:0
end_of_record
TN:
SF:src/auth/interfaces/valid-roles.ts
FN:1,(anonymous_0)
FNF:1
FNH:1
FNDA:1,(anonymous_0)
DA:1,1
DA:2,1
DA:3,1
DA:4,1
LF:4
LH:4
BRDA:1,0,0,1
BRDA:1,0,1,1
BRF:2
BRH:2
end_of_record
TN:
SF:src/auth/strategies/jwt.strategy.ts
FN:12,(anonymous_4)
FN:24,(anonymous_5)
FNF:2
FNH:1
FNDA:1,(anonymous_4)
FNDA:0,(anonymous_5)
DA:1,1
DA:2,1
DA:3,1
DA:4,1
DA:5,1
DA:6,1
DA:7,1
DA:11,1
DA:14,1
DA:18,1
DA:25,0
DA:27,0
DA:29,0
DA:31,0
DA:32,0
DA:34,0
LF:16
LH:10
BRDA:29,0,0,0
BRDA:31,1,0,0
BRF:2
BRH:0
end_of_record
TN:
SF:src/common/common.module.ts
FNF:0
FNH:0
DA:1,1
DA:4,1
LF:2
LH:2
BRF:0
BRH:0
end_of_record
TN:
SF:src/common/dtos/pagination.dto.ts
FN:13,(anonymous_2)
FN:22,(anonymous_3)
FNF:2
FNH:0
FNDA:0,(anonymous_2)
FNDA:0,(anonymous_3)
DA:1,1
DA:3,1
DA:4,1
DA:6,1
DA:13,0
DA:14,1
DA:22,0
DA:23,1
DA:31,1
LF:9
LH:7
BRF:0
BRH:0
end_of_record
TN:
SF:src/files/files.controller.ts
FN:24,(anonymous_4)
FN:30,(anonymous_5)
FN:50,(anonymous_6)
FNF:3
FNH:1
FNDA:1,(anonymous_4)
FNDA:0,(anonymous_5)
FNDA:0,(anonymous_6)
DA:1,1
DA:11,1
DA:12,1
DA:13,1
DA:16,1
DA:17,1
DA:19,1
DA:23,1
DA:25,1
DA:26,1
DA:30,1
DA:34,0
DA:36,0
DA:50,1
DA:51,0
DA:52,0
DA:56,0
DA:60,0
LF:18
LH:12
BRDA:51,0,0,0
BRF:1
BRH:0
end_of_record
TN:
SF:src/files/files.module.ts
FNF:0
FNH:0
DA:1,1
DA:2,1
DA:4,1
DA:5,1
DA:12,1
LF:5
LH:5
BRF:0
BRH:0
end_of_record
TN:
SF:src/files/files.service.ts
FN:8,(anonymous_1)
FNF:1
FNH:0
FNDA:0,(anonymous_1)
DA:1,1
DA:2,1
DA:4,1
DA:7,1
DA:9,0
DA:11,0
DA:12,0
DA:14,0
LF:8
LH:4
BRDA:11,0,0,0
BRF:1
BRH:0
end_of_record
TN:
SF:src/files/helpers/fileFilter.helper.ts
FN:1,(anonymous_0)
FNF:1
FNH:0
FNDA:0,(anonymous_0)
DA:1,1
DA:7,0
DA:9,0
DA:10,0
DA:12,0
DA:13,0
DA:16,0
LF:7
LH:1
BRDA:7,0,0,0
BRDA:12,1,0,0
BRF:2
BRH:0
end_of_record
TN:
SF:src/files/helpers/fileNamer.helper.ts
FN:3,(anonymous_0)
FNF:1
FNH:0
FNDA:0,(anonymous_0)
DA:1,1
DA:3,1
DA:9,0
DA:11,0
DA:13,0
DA:15,0
LF:6
LH:2
BRDA:9,0,0,0
BRF:1
BRH:0
end_of_record
TN:
SF:src/files/helpers/index.ts
FN:1,(anonymous_0)
FN:2,(anonymous_1)
FNF:2
FNH:2
FNDA:1,(anonymous_0)
FNDA:1,(anonymous_1)
DA:1,2
DA:2,2
LF:2
LH:2
BRF:0
BRH:0
end_of_record
TN:
SF:src/products/products.controller.ts
FN:27,(anonymous_4)
FN:38,(anonymous_5)
FN:43,(anonymous_6)
FN:49,(anonymous_7)
FN:55,(anonymous_8)
FN:65,(anonymous_9)
FNF:6
FNH:1
FNDA:1,(anonymous_4)
FNDA:0,(anonymous_5)
FNDA:0,(anonymous_6)
FNDA:0,(anonymous_7)
FNDA:0,(anonymous_8)
FNDA:0,(anonymous_9)
DA:1,1
DA:12,1
DA:14,1
DA:15,1
DA:16,1
DA:17,1
DA:18,1
DA:20,1
DA:21,1
DA:22,1
DA:26,1
DA:27,1
DA:38,1
DA:39,0
DA:43,1
DA:45,0
DA:49,1
DA:50,0
DA:55,1
DA:60,0
DA:65,1
DA:66,0
LF:22
LH:17
BRF:0
BRH:0
end_of_record
TN:
SF:src/products/products.module.ts
FNF:0
FNH:0
DA:1,1
DA:2,1
DA:4,1
DA:6,1
DA:7,1
DA:9,1
DA:17,1
LF:7
LH:7
BRF:0
BRH:0
end_of_record
TN:
SF:src/products/products.service.ts
FN:23,(anonymous_4)
FN:33,(anonymous_5)
FN:39,(anonymous_6)
FN:53,(anonymous_7)
FN:75,(anonymous_8)
FN:77,(anonymous_9)
FN:82,(anonymous_10)
FN:103,(anonymous_11)
FN:107,(anonymous_12)
FN:111,(anonymous_13)
FN:128,(anonymous_14)
FN:149,(anonymous_15)
FN:154,(anonymous_16)
FN:165,(anonymous_17)
FNF:14
FNH:1
FNDA:1,(anonymous_4)
FNDA:0,(anonymous_5)
FNDA:0,(anonymous_6)
FNDA:0,(anonymous_7)
FNDA:0,(anonymous_8)
FNDA:0,(anonymous_9)
FNDA:0,(anonymous_10)
FNDA:0,(anonymous_11)
FNDA:0,(anonymous_12)
FNDA:0,(anonymous_13)
FNDA:0,(anonymous_14)
FNDA:0,(anonymous_15)
FNDA:0,(anonymous_16)
FNDA:0,(anonymous_17)
DA:1,1
DA:8,1
DA:9,1
DA:15,1
DA:17,1
DA:20,1
DA:21,1
DA:25,1
DA:28,1
DA:30,1
DA:34,0
DA:35,0
DA:37,0
DA:40,0
DA:45,0
DA:47,0
DA:49,0
DA:54,0
DA:56,0
DA:68,0
DA:72,0
DA:75,0
DA:77,0
DA:85,0
DA:86,0
DA:88,0
DA:89,0
DA:98,0
DA:100,0
DA:104,0
DA:105,0
DA:107,0
DA:112,0
DA:114,0
DA:116,0
DA:117,0
DA:120,0
DA:121,0
DA:122,0
DA:124,0
DA:125,0
DA:126,0
DA:128,0
DA:129,0
DA:134,0
DA:136,0
DA:138,0
DA:139,0
DA:141,0
DA:143,0
DA:144,0
DA:145,0
DA:150,0
DA:151,0
DA:155,0
DA:158,0
DA:160,0
DA:166,0
DA:168,0
DA:169,0
DA:171,0
LF:61
LH:10
BRDA:35,0,0,0
BRDA:54,1,0,0
BRDA:54,2,0,0
BRDA:54,3,0,0
BRDA:65,4,0,0
BRDA:65,4,1,0
BRDA:69,5,0,0
BRDA:69,5,1,0
BRDA:85,6,0,0
BRDA:85,6,1,0
BRDA:98,7,0,0
BRDA:104,8,0,0
BRDA:116,9,0,0
BRDA:125,10,0,0
BRDA:155,11,0,0
BRF:15
BRH:0
end_of_record
TN:
SF:src/products/dto/create-product.dto.ts
FNF:0
FNH:0
DA:1,1
DA:2,1
DA:13,1
DA:21,1
DA:27,1
DA:32,1
DA:37,1
DA:43,1
DA:48,1
DA:52,1
DA:58,1
DA:64,1
LF:12
LH:12
BRF:0
BRH:0
end_of_record
TN:
SF:src/products/dto/update-product.dto.ts
FNF:0
FNH:0
DA:2,1
DA:3,1
DA:5,1
LF:3
LH:3
BRF:0
BRH:0
end_of_record
TN:
SF:src/products/entities/index.ts
FN:1,(anonymous_0)
FN:2,(anonymous_1)
FNF:2
FNH:2
FNDA:3,(anonymous_0)
FNDA:5,(anonymous_1)
DA:1,4
DA:2,6
LF:2
LH:2
BRF:0
BRH:0
end_of_record
TN:
SF:src/products/entities/product-image.entity.ts
FN:12,(anonymous_2)
FN:12,(anonymous_3)
FNF:2
FNH:2
FNDA:1,(anonymous_2)
FNDA:1,(anonymous_3)
DA:1,1
DA:2,1
DA:5,1
DA:7,1
DA:10,1
DA:12,1
DA:15,1
LF:7
LH:7
BRF:0
BRH:0
end_of_record
TN:
SF:src/products/entities/product.entity.ts
FN:110,(anonymous_2)
FN:122,(anonymous_3)
FN:100,(anonymous_4)
FN:100,(anonymous_5)
FN:106,(anonymous_6)
FN:106,(anonymous_7)
FNF:6
FNH:4
FNDA:0,(anonymous_2)
FNDA:0,(anonymous_3)
FNDA:1,(anonymous_4)
FNDA:1,(anonymous_5)
FNDA:1,(anonymous_6)
FNDA:1,(anonymous_7)
DA:1,1
DA:2,1
DA:12,1
DA:13,1
DA:16,1
DA:23,1
DA:33,1
DA:42,1
DA:53,1
DA:63,1
DA:73,1
DA:82,1
DA:89,1
DA:96,1
DA:100,1
DA:104,1
DA:106,1
DA:107,1
DA:110,1
DA:111,0
DA:112,0
DA:115,0
DA:122,1
DA:123,0
LF:24
LH:20
BRDA:111,0,0,0
BRF:1
BRH:0
end_of_record
TN:
SF:src/seed/seed.controller.ts
FN:9,(anonymous_2)
FN:19,(anonymous_3)
FNF:2
FNH:1
FNDA:1,(anonymous_2)
FNDA:0,(anonymous_3)
DA:1,1
DA:2,1
DA:4,1
DA:8,1
DA:9,1
DA:19,1
DA:20,0
LF:7
LH:6
BRF:0
BRH:0
end_of_record
TN:
SF:src/seed/seed.module.ts
FNF:0
FNH:0
DA:1,1
DA:3,1
DA:4,1
DA:6,1
DA:7,1
DA:14,1
LF:6
LH:6
BRF:0
BRH:0
end_of_record
TN:
SF:src/seed/seed.service.ts
FN:10,(anonymous_4)
FN:17,(anonymous_5)
FN:26,(anonymous_6)
FN:33,(anonymous_7)
FN:38,(anonymous_8)
FN:47,(anonymous_9)
FN:54,(anonymous_10)
FNF:7
FNH:1
FNDA:1,(anonymous_4)
FNDA:0,(anonymous_5)
FNDA:0,(anonymous_6)
FNDA:0,(anonymous_7)
FNDA:0,(anonymous_8)
FNDA:0,(anonymous_9)
FNDA:0,(anonymous_10)
DA:1,1
DA:2,1
DA:3,1
DA:4,1
DA:5,1
DA:6,1
DA:9,1
DA:11,1
DA:14,1
DA:18,0
DA:19,0
DA:21,0
DA:23,0
DA:27,0
DA:29,0
DA:30,0
DA:34,0
DA:36,0
DA:38,0
DA:39,0
DA:42,0
DA:44,0
DA:48,0
DA:50,0
DA:52,0
DA:54,0
DA:55,0
DA:58,0
DA:60,0
LF:29
LH:9
BRF:0
BRH:0
end_of_record
TN:
SF:src/seed/data/seed-data.ts
FNF:0
FNH:0
DA:1,1
DA:31,1
LF:2
LH:2
BRF:0
BRH:0
end_of_record
